2018-08-29 11:03:56,979 INFO 11352 [egg:logger] init all loggers with options: {"dir":"var/log/jwt-sso-backend","encoding":"utf8","env":"local","level":"INFO","consoleLevel":"INFO","disableConsoleAfterReady":false,"outputJSON":false,"buffer":true,"appLogName":"jwt-sso-backend-web.log","coreLogName":"egg-web.log","agentLogName":"egg-agent.log","errorLogName":"common-error.log","coreLogger":{"consoleLevel":"WARN"},"allowDebugAtProd":false,"type":"application"}
2018-08-29 11:03:57,009 INFO 11352 [egg-schedule]: register schedule /home/yy/projects/jwt-sso/jwt-sso-backend/node_modules/egg-logrotator/app/schedule/clean_log.js
2018-08-29 11:03:57,009 INFO 11352 [egg-schedule]: register schedule /home/yy/projects/jwt-sso/jwt-sso-backend/node_modules/egg-logrotator/app/schedule/rotate_by_file.js
2018-08-29 11:03:57,043 INFO 11352 [egg-redis] connecting redis://:null@127.0.0.1:6379/0
2018-08-29 11:03:57,137 INFO 11352 [egg-static] starting static serve /public/ -> /home/yy/projects/jwt-sso/jwt-sso-backend/app/public
2018-08-29 11:03:57,139 INFO 11352 [egg-security] use csrf middleware
2018-08-29 11:03:57,139 INFO 11352 [egg-security] use methodnoallow middleware
2018-08-29 11:03:57,140 INFO 11352 [egg-security] use noopen middleware
2018-08-29 11:03:57,140 INFO 11352 [egg-security] use nosniff middleware
2018-08-29 11:03:57,140 INFO 11352 [egg-security] use xssProtection middleware
2018-08-29 11:03:57,140 INFO 11352 [egg-security] use xframe middleware
2018-08-29 11:03:57,141 INFO 11352 [egg-security] use dta middleware
2018-08-29 11:03:57,141 INFO 11352 [egg-security] compose 7 middlewares into one security middleware
2018-08-29 11:03:57,148 INFO 11352 [egg:core] dump config after load, 5ms
2018-08-29 11:03:57,159 INFO 11352 [egg-redis] connect success on redis://:null@127.0.0.1:6379/0
2018-08-29 11:03:57,181 INFO 11352 [egg-redis] instance[0] status OK, redis currentTime: #
2018-08-29 11:03:57,183 INFO 11352 [egg-watcher:app] watcher start success
2018-08-29 11:03:57,208 INFO 11352 [egg:core] dump config after ready, 4ms
2018-08-29 11:07:10,563 INFO 12208 [egg:logger] init all loggers with options: {"dir":"var/log/jwt-sso-backend","encoding":"utf8","env":"local","level":"INFO","consoleLevel":"INFO","disableConsoleAfterReady":false,"outputJSON":false,"buffer":true,"appLogName":"jwt-sso-backend-web.log","coreLogName":"egg-web.log","agentLogName":"egg-agent.log","errorLogName":"common-error.log","coreLogger":{"consoleLevel":"WARN"},"allowDebugAtProd":false,"type":"application"}
2018-08-29 11:07:10,587 INFO 12208 [egg-schedule]: register schedule /home/yy/projects/jwt-sso/jwt-sso-backend/node_modules/egg-logrotator/app/schedule/clean_log.js
2018-08-29 11:07:10,587 INFO 12208 [egg-schedule]: register schedule /home/yy/projects/jwt-sso/jwt-sso-backend/node_modules/egg-logrotator/app/schedule/rotate_by_file.js
2018-08-29 11:07:10,627 INFO 12208 [egg-redis] connecting redis://:null@127.0.0.1:6379/0
2018-08-29 11:07:10,719 INFO 12208 [egg-static] starting static serve /public/ -> /home/yy/projects/jwt-sso/jwt-sso-backend/app/public
2018-08-29 11:07:10,721 INFO 12208 [egg-security] use csrf middleware
2018-08-29 11:07:10,721 INFO 12208 [egg-security] use methodnoallow middleware
2018-08-29 11:07:10,722 INFO 12208 [egg-security] use noopen middleware
2018-08-29 11:07:10,722 INFO 12208 [egg-security] use nosniff middleware
2018-08-29 11:07:10,722 INFO 12208 [egg-security] use xssProtection middleware
2018-08-29 11:07:10,722 INFO 12208 [egg-security] use xframe middleware
2018-08-29 11:07:10,723 INFO 12208 [egg-security] use dta middleware
2018-08-29 11:07:10,723 INFO 12208 [egg-security] compose 7 middlewares into one security middleware
2018-08-29 11:07:10,729 INFO 12208 [egg:core] dump config after load, 4ms
2018-08-29 11:07:10,740 INFO 12208 [egg-redis] connect success on redis://:null@127.0.0.1:6379/0
2018-08-29 11:07:10,759 INFO 12208 [egg-redis] instance[0] status OK, redis currentTime: #
2018-08-29 11:07:10,761 INFO 12208 [egg-watcher:app] watcher start success
2018-08-29 11:07:10,786 INFO 12208 [egg:core] dump config after ready, 4ms
2018-08-29 11:11:43,592 INFO 12322 [egg:logger] init all loggers with options: {"dir":"var/log/jwt-sso-backend","encoding":"utf8","env":"local","level":"INFO","consoleLevel":"INFO","disableConsoleAfterReady":false,"outputJSON":false,"buffer":true,"appLogName":"jwt-sso-backend-web.log","coreLogName":"egg-web.log","agentLogName":"egg-agent.log","errorLogName":"common-error.log","coreLogger":{"consoleLevel":"WARN"},"allowDebugAtProd":false,"type":"application"}
2018-08-29 11:11:43,617 INFO 12322 [egg-schedule]: register schedule /home/yy/projects/jwt-sso/jwt-sso-backend/node_modules/egg-logrotator/app/schedule/clean_log.js
2018-08-29 11:11:43,617 INFO 12322 [egg-schedule]: register schedule /home/yy/projects/jwt-sso/jwt-sso-backend/node_modules/egg-logrotator/app/schedule/rotate_by_file.js
2018-08-29 11:11:43,658 INFO 12322 [egg-redis] connecting redis://:null@127.0.0.1:6379/0
2018-08-29 11:11:43,750 INFO 12322 [egg-static] starting static serve /public/ -> /home/yy/projects/jwt-sso/jwt-sso-backend/app/public
2018-08-29 11:11:43,752 INFO 12322 [egg-security] use csrf middleware
2018-08-29 11:11:43,752 INFO 12322 [egg-security] use methodnoallow middleware
2018-08-29 11:11:43,752 INFO 12322 [egg-security] use noopen middleware
2018-08-29 11:11:43,753 INFO 12322 [egg-security] use nosniff middleware
2018-08-29 11:11:43,753 INFO 12322 [egg-security] use xssProtection middleware
2018-08-29 11:11:43,753 INFO 12322 [egg-security] use xframe middleware
2018-08-29 11:11:43,754 INFO 12322 [egg-security] use dta middleware
2018-08-29 11:11:43,754 INFO 12322 [egg-security] compose 7 middlewares into one security middleware
2018-08-29 11:11:43,761 INFO 12322 [egg:core] dump config after load, 5ms
2018-08-29 11:11:43,772 INFO 12322 [egg-redis] connect success on redis://:null@127.0.0.1:6379/0
2018-08-29 11:11:43,788 INFO 12322 [egg-redis] instance[0] status OK, redis currentTime: #
2018-08-29 11:11:43,790 INFO 12322 [egg-watcher:app] watcher start success
2018-08-29 11:11:43,845 INFO 12322 [egg:core] dump config after ready, 3ms
